# JRE version: Java(TM) SE Runtime Environment (8.0_191-b12) (build 1.8.0_191-b12)
# Java VM: Java HotSpot(TM) Client VM (25.191-b12 mixed mode windows-x86 )
Heap:
 def new generation   total 4928K, used 1015K [0x04000000, 0x04550000, 0x09550000)
  eden space 4416K,  11% used [0x04000000, 0x0407de80, 0x04450000)
  from space 512K, 100% used [0x044d0000, 0x04550000, 0x04550000)
  to   space 512K,   0% used [0x04450000, 0x04450000, 0x044d0000)
 tenured generation   total 10944K, used 3246K [0x09550000, 0x0a000000, 0x14000000)
   the space 10944K,  29% used [0x09550000, 0x0987ba78, 0x0987bc00, 0x0a000000)
 Metaspace       used 5004K, capacity 5025K, committed 5120K, reserved 5504K
GC Heap History (10 events):
Event: 3.963 GC heap before
{Heap before GC invocations=0 (full 0):
 def new generation   total 4928K, used 4406K [0x04000000, 0x04550000, 0x09550000)
  eden space 4416K,  99% used [0x04000000, 0x0444db20, 0x04450000)
  from space 512K,   0% used [0x04450000, 0x04450000, 0x044d0000)
  to   space 512K,   0% used [0x044d0000, 0x044d0000, 0x04550000)
 tenured generation   total 10944K, used 0K [0x09550000, 0x0a000000, 0x14000000)
   the space 10944K,   0% used [0x09550000, 0x09550000, 0x09550200, 0x0a000000)
 Metaspace       used 2458K, capacity 2504K, committed 2624K, reserved 4480K
Event: 3.967 GC heap after
Heap after GC invocations=1 (full 0):
 def new generation   total 4928K, used 512K [0x04000000, 0x04550000, 0x09550000)
  eden space 4416K,   0% used [0x04000000, 0x04000000, 0x04450000)
  from space 512K, 100% used [0x044d0000, 0x04550000, 0x04550000)
  to   space 512K,   0% used [0x04450000, 0x04450000, 0x044d0000)
 tenured generation   total 10944K, used 719K [0x09550000, 0x0a000000, 0x14000000)
   the space 10944K,   6% used [0x09550000, 0x09603eb0, 0x09604000, 0x0a000000)
 Metaspace       used 2458K, capacity 2504K, committed 2624K, reserved 4480K
}
Event: 4.610 GC heap before
{Heap before GC invocations=1 (full 0):
 def new generation   total 4928K, used 4928K [0x04000000, 0x04550000, 0x09550000)
  eden space 4416K, 100% used [0x04000000, 0x04450000, 0x04450000)
  from space 512K, 100% used [0x044d0000, 0x04550000, 0x04550000)
  to   space 512K,   0% used [0x04450000, 0x04450000, 0x044d0000)
 tenured generation   total 10944K, used 719K [0x09550000, 0x0a000000, 0x14000000)
   the space 10944K,   6% used [0x09550000, 0x09603eb0, 0x09604000, 0x0a000000)
 Metaspace       used 3062K, capacity 3080K, committed 3136K, reserved 4480K
Event: 4.614 GC heap after
Heap after GC invocations=2 (full 0):
 def new generation   total 4928K, used 512K [0x04000000, 0x04550000, 0x09550000)
  eden space 4416K,   0% used [0x04000000, 0x04000000, 0x04450000)
  from space 512K, 100% used [0x04450000, 0x044d0000, 0x044d0000)
  to   space 512K,   0% used [0x044d0000, 0x044d0000, 0x04550000)
 tenured generation   total 10944K, used 1460K [0x09550000, 0x0a000000, 0x14000000)
   the space 10944K,  13% used [0x09550000, 0x096bd270, 0x096bd400, 0x0a000000)
 Metaspace       used 3062K, capacity 3080K, committed 3136K, reserved 4480K
}
Event: 5.296 GC heap before
{Heap before GC invocations=2 (full 0):
 def new generation   total 4928K, used 4928K [0x04000000, 0x04550000, 0x09550000)
  eden space 4416K, 100% used [0x04000000, 0x04450000, 0x04450000)
  from space 512K, 100% used [0x04450000, 0x044d0000, 0x044d0000)
  to   space 512K,   0% used [0x044d0000, 0x044d0000, 0x04550000)
 tenured generation   total 10944K, used 1460K [0x09550000, 0x0a000000, 0x14000000)
   the space 10944K,  13% used [0x09550000, 0x096bd270, 0x096bd400, 0x0a000000)
 Metaspace       used 3687K, capacity 3745K, committed 3776K, reserved 4480K
Event: 5.299 GC heap after
Heap after GC invocations=3 (full 0):
 def new generation   total 4928K, used 512K [0x04000000, 0x04550000, 0x09550000)
  eden space 4416K,   0% used [0x04000000, 0x04000000, 0x04450000)
  from space 512K, 100% used [0x044d0000, 0x04550000, 0x04550000)
  to   space 512K,   0% used [0x04450000, 0x04450000, 0x044d0000)
 tenured generation   total 10944K, used 1923K [0x09550000, 0x0a000000, 0x14000000)
   the space 10944K,  17% used [0x09550000, 0x09730c78, 0x09730e00, 0x0a000000)
 Metaspace       used 3687K, capacity 3745K, committed 3776K, reserved 4480K
}
Event: 5.972 GC heap before
{Heap before GC invocations=3 (full 0):
 def new generation   total 4928K, used 4928K [0x04000000, 0x04550000, 0x09550000)
  eden space 4416K, 100% used [0x04000000, 0x04450000, 0x04450000)
  from space 512K, 100% used [0x044d0000, 0x04550000, 0x04550000)
  to   space 512K,   0% used [0x04450000, 0x04450000, 0x044d0000)
 tenured generation   total 10944K, used 1923K [0x09550000, 0x0a000000, 0x14000000)
   the space 10944K,  17% used [0x09550000, 0x09730c78, 0x09730e00, 0x0a000000)
 Metaspace       used 4268K, capacity 4289K, committed 4416K, reserved 4480K
Event: 5.976 GC heap after
Heap after GC invocations=4 (full 0):
 def new generation   total 4928K, used 512K [0x04000000, 0x04550000, 0x09550000)
  eden space 4416K,   0% used [0x04000000, 0x04000000, 0x04450000)
  from space 512K, 100% used [0x04450000, 0x044d0000, 0x044d0000)
  to   space 512K,   0% used [0x044d0000, 0x044d0000, 0x04550000)
 tenured generation   total 10944K, used 2682K [0x09550000, 0x0a000000, 0x14000000)
   the space 10944K,  24% used [0x09550000, 0x097ee998, 0x097eea00, 0x0a000000)
 Metaspace       used 4268K, capacity 4289K, committed 4416K, reserved 4480K
}
Event: 6.497 GC heap before
{Heap before GC invocations=4 (full 0):
 def new generation   total 4928K, used 4928K [0x04000000, 0x04550000, 0x09550000)
  eden space 4416K, 100% used [0x04000000, 0x04450000, 0x04450000)
  from space 512K, 100% used [0x04450000, 0x044d0000, 0x044d0000)
  to   space 512K,   0% used [0x044d0000, 0x044d0000, 0x04550000)
 tenured generation   total 10944K, used 2682K [0x09550000, 0x0a000000, 0x14000000)
   the space 10944K,  24% used [0x09550000, 0x097ee998, 0x097eea00, 0x0a000000)
 Metaspace       used 4867K, capacity 4897K, committed 4992K, reserved 5504K
Event: 6.501 GC heap after
Heap after GC invocations=5 (full 0):
 def new generation   total 4928K, used 512K [0x04000000, 0x04550000, 0x09550000)
  eden space 4416K,   0% used [0x04000000, 0x04000000, 0x04450000)
  from space 512K, 100% used [0x044d0000, 0x04550000, 0x04550000)
  to   space 512K,   0% used [0x04450000, 0x04450000, 0x044d0000)
 tenured generation   total 10944K, used 3246K [0x09550000, 0x0a000000, 0x14000000)
   the space 10944K,  29% used [0x09550000, 0x0987ba78, 0x0987bc00, 0x0a000000)
 Metaspace       used 4867K, capacity 4897K, committed 4992K, reserved 5504K
}

